Program tmanin.  Using METHOD = 2 to find newforms
MODULUS for linear algebra = 1073741789
Verbose output? How many primes for Hecke eigenvalues? 
Output Hecke eigenvalues to file? (0/1) Sign? (-1/0/1) Enter first and last N: 
>>>Level 2456
Constructing H1 (with sign=+1) ...done
Getting oldclasses for divisor M = 307
Retrieving newform data for N = 307
Finished reading newform data for N = 307
Getting oldclasses for divisor M = 614
Retrieving newform data for N = 614
Finished reading newform data for N = 614
Getting oldclasses for divisor M = 1228
Retrieving newform data for N = 1228
Finished reading newform data for N = 1228
Finished getting oldclasses 

Old classes
~~~~~~~~~~~
Level   Dimension [ 2 3 5 7 11 13 17 19 23 29 31 37 41 43 47 53 59 61 67 71 ]
307       2       [ -1 0 4 0 3 6 -1 -1 -2 0 4 3 5 -10 -6 -10 4 -8 -8 -15 ]
307       2       [ 1 0 4 0 3 6 -1 -1 -2 0 4 3 5 -10 -6 -10 4 -8 -8 -15 ]
307       2       [ -1 2 0 3 5 0 -5 -1 6 -6 -4 -9 -3 10 -4 5 6 -10 2 13 ]
307       2       [ 1 2 0 3 5 0 -5 -1 6 -6 -4 -9 -3 10 -4 5 6 -10 2 13 ]
307       2       [ -1 0 2 3 -4 0 3 1 2 6 -4 -6 2 -4 -10 -3 10 4 -4 -1 ]
307       2       [ 1 0 2 3 -4 0 3 1 2 6 -4 -6 2 -4 -10 -3 10 4 -4 -1 ]
307       2       [ -1 2 0 -3 1 6 2 -4 -6 0 2 3 9 4 4 1 -12 14 2 8 ]
307       2       [ 1 2 0 -3 1 6 2 -4 -6 0 2 3 9 4 4 1 -12 14 2 8 ]
614       2       [ -1 -2 0 -1 -3 -4 3 -1 -6 -6 -4 11 -3 -10 -12 9 6 14 2 9 ]
614       1       [ 1 -2 0 -1 -3 -4 3 -1 -6 -6 -4 11 -3 -10 -12 9 6 14 2 9 ]
614       2       [ -1 0 -2 -3 -3 0 -1 -1 -2 6 -2 -3 5 2 6 -1 -8 -14 -8 3 ]
614       1       [ 1 0 -2 -3 -3 0 -1 -1 -2 6 -2 -3 5 2 6 -1 -8 -14 -8 3 ]
1228       1       [ -1 2 2 1 3 -2 3 5 -8 6 -2 7 1 8 -6 -3 0 -10 8 -5 ]
1228       1       [ 1 2 2 1 3 -2 3 5 -8 6 -2 7 1 8 -6 -3 0 -10 8 -5 ]
Total number of oldclasses = 14
Total dimension of oldclasses = 24
h1 denom = 1
In formfinder, depth = 0, aplist = [ ];	dimsofar=312, dimold=0, dimnew=312
Testing eigenvalues [ -1 1 ] at level 1
Increasing depth to 1, trying eig = -1...after scaling, eig =  -1...Computing W(2)...done.
Using sparse elimination (size = [ 312 312 ], density =0.0250452)...done (dim = 157), combining subspaces...done.
Eigenvalue -1 has multiplicity 157
 eig -1 gives new subspace at depth 1 of dimension 157
In formfinder, depth = 1, aplist = [ -1 ];	dimsofar=157, dimold=13, dimnew=144
Testing eigenvalues [ -3 -2 -1 0 1 2 3 ] at level 2
Increasing depth to 2, trying eig = -3...after scaling, eig =  -3...Computing T(3) restricted to subspace of dimension 157 ...done.
Using sparse elimination (size = [ 157 157 ], density =0.184551)...done (dim = 0), combining subspaces...done.
Eigenvalue -3 has multiplicity 0
Increasing depth to 2, trying eig = -2...after scaling, eig =  -2...Using sparse elimination (size = [ 157 157 ], density =0.184551)...done (dim = 3), combining subspaces...done.
Eigenvalue -2 has multiplicity 3
 eig -2 gives new subspace at depth 2 of dimension 3
In formfinder, depth = 2, aplist = [ -1 -2 ];	dimsofar=3, dimold=2, dimnew=1
Testing eigenvalues [ -4 -3 -2 -1 0 1 2 3 4 ] at level 3
Increasing depth to 3, trying eig = -4...after scaling, eig =  -4...Computing T(5) restricted to subspace of dimension 3 ...done.
Using sparse elimination (size = [ 3 3 ], density =0.333333)...done (dim = 0), combining subspaces...done.
Eigenvalue -4 has multiplicity 0
Increasing depth to 3, trying eig = -3...after scaling, eig =  -3...Using sparse elimination (size = [ 3 3 ], density =0.333333)...done (dim = 0), combining subspaces...done.
Eigenvalue -3 has multiplicity 0
Increasing depth to 3, trying eig = -2...after scaling, eig =  -2...Using sparse elimination (size = [ 3 3 ], density =0.333333)...done (dim = 0), combining subspaces...done.
Eigenvalue -2 has multiplicity 0
Increasing depth to 3, trying eig = -1...after scaling, eig =  -1...Using sparse elimination (size = [ 3 3 ], density =0.333333)...done (dim = 0), combining subspaces...done.
Eigenvalue -1 has multiplicity 0
Increasing depth to 3, trying eig = 0...after scaling, eig =  0...Using sparse elimination (size = [ 3 3 ], density =0.333333)...done (dim = 2), combining subspaces...done.
Eigenvalue 0 has multiplicity 2
 eig 0 gives new subspace at depth 3 of dimension 2
In formfinder, depth = 3, aplist = [ -1 -2 0 ];	dimsofar=2, dimold=2, dimnew=0
Abandoning a common eigenspace of dimension 2 which is a sum of oldclasses.
Increasing depth to 3, trying eig = 1...after scaling, eig =  1...Using sparse elimination (size = [ 3 3 ], density =0.333333)...done (dim = 0), combining subspaces...done.
Eigenvalue 1 has multiplicity 0
Increasing depth to 3, trying eig = 2...after scaling, eig =  2...Using sparse elimination (size = [ 3 3 ], density =0.333333)...done (dim = 0), combining subspaces...done.
Eigenvalue 2 has multiplicity 0
Increasing depth to 3, trying eig = 3...after scaling, eig =  3...Using sparse elimination (size = [ 3 3 ], density =0.333333)...done (dim = 0), combining subspaces...done.
Eigenvalue 3 has multiplicity 0
Increasing depth to 3, trying eig = 4...after scaling, eig =  4...Using sparse elimination (size = [ 3 3 ], density =0.333333)...done (dim = 1), combining subspaces...done.
Eigenvalue 4 has multiplicity 1
 eig 4 gives new subspace at depth 3 of dimension 1
In formfinder, depth = 3, aplist = [ -1 -2 4 ];	dimsofar=1, dimold=0, dimnew=1
Current newform subtotal count at 1
Finished at level 3
Increasing depth to 2, trying eig = -1...after scaling, eig =  -1...Using sparse elimination (size = [ 157 157 ], density =0.184551)...done (dim = 0), combining subspaces...done.
Eigenvalue -1 has multiplicity 0
Increasing depth to 2, trying eig = 0...after scaling, eig =  0...Using sparse elimination (size = [ 157 157 ], density =0.184551)...done (dim = 6), combining subspaces...done.
Eigenvalue 0 has multiplicity 6
 eig 0 gives new subspace at depth 2 of dimension 6
In formfinder, depth = 2, aplist = [ -1 0 ];	dimsofar=6, dimold=6, dimnew=0
Abandoning a common eigenspace of dimension 6 which is a sum of oldclasses.
Increasing depth to 2, trying eig = 1...after scaling, eig =  1...Using sparse elimination (size = [ 157 157 ], density =0.184551)...done (dim = 0), combining subspaces...done.
Eigenvalue 1 has multiplicity 0
Increasing depth to 2, trying eig = 2...after scaling, eig =  2...Using sparse elimination (size = [ 157 157 ], density =0.184551)...done (dim = 5), combining subspaces...done.
Eigenvalue 2 has multiplicity 5
 eig 2 gives new subspace at depth 2 of dimension 5
In formfinder, depth = 2, aplist = [ -1 2 ];	dimsofar=5, dimold=5, dimnew=0
Abandoning a common eigenspace of dimension 5 which is a sum of oldclasses.
Increasing depth to 2, trying eig = 3...after scaling, eig =  3...Using sparse elimination (size = [ 157 157 ], density =0.184551)...done (dim = 0), combining subspaces...done.
Eigenvalue 3 has multiplicity 0
Finished at level 2
Increasing depth to 1, trying eig = 1...after scaling, eig =  1...Using sparse elimination (size = [ 312 312 ], density =0.0250452)...done (dim = 155), combining subspaces...done.
Eigenvalue 1 has multiplicity 155
 eig 1 gives new subspace at depth 1 of dimension 155
In formfinder, depth = 1, aplist = [ 1 ];	dimsofar=155, dimold=11, dimnew=144
Testing eigenvalues [ -3 -2 -1 0 1 2 3 ] at level 2
Increasing depth to 2, trying eig = -3...after scaling, eig =  -3...Computing T(3) restricted to subspace of dimension 155 ...done.
Using sparse elimination (size = [ 155 155 ], density =0.185182)...done (dim = 0), combining subspaces...done.
Eigenvalue -3 has multiplicity 0
Increasing depth to 2, trying eig = -2...after scaling, eig =  -2...Using sparse elimination (size = [ 155 155 ], density =0.185182)...done (dim = 1), combining subspaces...done.
Eigenvalue -2 has multiplicity 1
 eig -2 gives new subspace at depth 2 of dimension 1
In formfinder, depth = 2, aplist = [ 1 -2 ];	dimsofar=1, dimold=1, dimnew=0
Abandoning a common eigenspace of dimension 1 which is a sum of oldclasses.
Increasing depth to 2, trying eig = -1...after scaling, eig =  -1...Using sparse elimination (size = [ 155 155 ], density =0.185182)...done (dim = 0), combining subspaces...done.
Eigenvalue -1 has multiplicity 0
Increasing depth to 2, trying eig = 0...after scaling, eig =  0...Using sparse elimination (size = [ 155 155 ], density =0.185182)...done (dim = 5), combining subspaces...done.
Eigenvalue 0 has multiplicity 5
 eig 0 gives new subspace at depth 2 of dimension 5
In formfinder, depth = 2, aplist = [ 1 0 ];	dimsofar=5, dimold=5, dimnew=0
Abandoning a common eigenspace of dimension 5 which is a sum of oldclasses.
Increasing depth to 2, trying eig = 1...after scaling, eig =  1...Using sparse elimination (size = [ 155 155 ], density =0.185182)...done (dim = 0), combining subspaces...done.
Eigenvalue 1 has multiplicity 0
Increasing depth to 2, trying eig = 2...after scaling, eig =  2...Using sparse elimination (size = [ 155 155 ], density =0.185182)...done (dim = 5), combining subspaces...done.
Eigenvalue 2 has multiplicity 5
 eig 2 gives new subspace at depth 2 of dimension 5
In formfinder, depth = 2, aplist = [ 1 2 ];	dimsofar=5, dimold=5, dimnew=0
Abandoning a common eigenspace of dimension 5 which is a sum of oldclasses.
Increasing depth to 2, trying eig = 3...after scaling, eig =  3...Using sparse elimination (size = [ 155 155 ], density =0.185182)...done (dim = 0), combining subspaces...done.
Eigenvalue 3 has multiplicity 0
Finished at level 2
Finished at level 1
Now performing use() on all lists at once
Constructing newform #1 with eigs [ -1 -2 4 ]
Creating H1+ newform from aplist...
Computing Wq for q=307...aq =1
aqlist = [ -1 1 ]
sfe = 1
coordsplus   = [4,8,12,4,0,-4,0,2,0,4,3,4,0,1,8,3,6,8,4,3,2,0,5,4,0,5,-2,-3,-3,-4,3,4,0,7,-4,4,3,2,4,6,3,4,6,3,5,4,3,3,-2,-2,3,1,4,3,1,-3,-2,0,1,1,-1,-2,2,-1,-2,1,4,7,0,2,-3,-3,1,4,8,2,1,4,1,9,4,11,8,3,7,6,3,7,7,-1,-4,7,3,0,4,-4,7,3,1,0,1,4,5,3,-1,-4,3,0,1,4,0,4,3,1,-2,2,-3,0,-1,1,-7,0,1,-3,0,-4,-3,4,-3,0,-4,-4,0,-1,-3,-5,-6,-4,-4,-6,-4,-2,-7,-4,-2,-7,-7,-1,1,1,-3,-5,2,-2,1,-2,-4,0,-4,-1,-1,0,7,3,3,4,3,7,-1,-5,3,-1,5,2,5,3,3,6,2,2,0,4,1,5,2,5,-2,2,4,2,2,3,-1,1,1,4,0,2,-3,0,1,-1,1,2,6,5,8,8,7,2,2,5,9,3,6,1,4,-3,-7,1,1,-2,2,4,0,1,-2,-2,-4,3,-1,-4,-2,-2,-8,-4,-3,0,-1,4,-1,2,0,3,6,2,-2,5,2,-2,-3,5,1,5,5,1,5,2,2,4,7,3,3,-1,3,-2,0,-2,4,2,-3,2,2,6,5,3,1,-2,-1,1,2,-6,2,2,-2,1,2,1,2,3,5,-3,-2,3,-1,7,0,2,-3,-3,4,0,1,-4,-2,-5,-5,0,-1,3,-1,1,7,2,5,1,2,6,1,5,4,7,3,3,-4,2,5,3,-2,3,-5,-1,-8,-4,-2,-3,-3,1,-3,1,0,5,1,5,3,1,5,5,9,8,0,7,0,4,0,-3,-2,2,4,5,5,0,4,3,5,0,7,8,4,8,12,4,6,9,4,7,11,7,8,11,6,7,4,4,11,4,8,4,7,8,7,7,6,5,3,5,2,6,5,4,0,4,7,4,3,2,3,6,5,4,5,5,0,1,-3,1,-1,-2,2,2,5,6,4,0,4,6,3,0,1,-5,-2,6,5,5,2,4,-1,3,-4,4,0,1,4,0,8,1,1,6,-1,4,4,4,5,1,1,4,7,3,-1,4,4,7,2,2,7,-1,3,-1,1,4,6,1,1,0,-4,2,-2,5,7,8,8,5,4,-3,0,5,3,4,5,0,8,3,6,2,-1,4,8,1,5,5,8,7,3,11,7,5,3,11,7,4,5,0,3,7,4,8,4,4,1,3,0,3,4,1,8,1,2,4,0,-4,0,-2,-8,-3,-1,1,-4,0,4,-3,3,-1,0,-4,-8,0,-4,-3,2,0,2,-5,-1,-4,-11,-4,-3,-7,-3,-3,-7,-5,-2,-5,6,-1,-4,2,1,-1,-2,-3,0,-4,-5,-7,0,-4,3,-5,-8,-5,-2,0,5,-1,1,-1,-4,0,-1,3,1,-1,-3,-3,1,-2,-7,0,-4,1,-4,4,1,-7,0,-4,-1,-4,1,-4,1,-1,2,-1,-3,-8,-4,-4,-1,-4,0,4,4,-3,-4,-5,-6,1,2,-1,-3,-4,-4,0,-3,-4,-5,-2,3,2,-1,1,3,0,-5,-5,-3,-3,-7,0,-5,-2,-3,-3,-5,-7,-8,-4,-5,-8,-7,-4,-4,-7,-11,-4,-8,0,-7,-7,-8,-4,-6,-8,-4,-8,-5,-4,-7,-3,0,-2,-5,-4,-3,0,-5,0,-4,-1,-2,3,-1,0,2,-4,-7,-8,-5,-1,-5,-5,-5,0,3,6,-1,3,4,1,-3,-3,2,-5,-4,-2,0,4,-3,-4,-1,-2,-5,-7,1,1,1,0,5,2,2,-1,-4,3,0,1,2,-5,-2,-2,2,-2,-2,-1,6,-1,2,3,-1,5,-3,-6,-2,-2,-1,-2,6,3,-4,0,-2,2,1,-3,-3,-7,-2,-4,0,-2,-6,-2,-1,-5,-5,2,-5,-2,-3,3,0,1,1,8,0,4,2,4,-3,2,-1,-4,2,-1,3,-1,-3,-5,-2,-5,-7,-8,-6,-1,-1,3,0,-2,-4,-1,-3,-2,0,-4,2,-2,-1,0,-4,-2,-6,-3,-2,1,1,-3,1,-3,-3,-7,1,4,4,-1,-2,3,-1,7,2,7,4,4,6,3,4,1,4,0,-4,4,3,0,-1,7,1,3,2,2,-1,-4,-4,0,4,-3,-4,0,-3,4,0,-7,1,-2,-7,-3,-7,-8,-4,-1,-1,-8,-1,3,0,-4,2,-2,4,2,-1,0,3,-3,-1,2,-3,-4,-3,-4,-6,-2,-4,-7,-4,4,3,-5,-4,0,-3,-8,-3,-1,-4,-4,-2,4,-4,-8,-4,0,-4,4]
denomplus   = 1
ap0 = -2	np0 = 6
pdot = 24
dp0 = 24
np0 = 6
loverp = 4
computing twisting primes (sign=1)...done...lplus = 1
mplus = 1
lminus = 0
mminus = 0
computing a,b,c,d...done: [(819,1;1,3),12,0;0]
Finished constructing newform #1 with sign = 1
Total dimension = 312
Number of rational newforms = 1
j0=1

1 newform(s) at level 2456:
p0=3
#ap=	3
1:	aplist = [ 0 -2 4 ]
aq = [ -1 1 ]
ap0 = -2, dp0 = 24, np0 = 6, pdot = 24
SFE = 1,	L/P = 4
lplus = 1, mplus = 1
[(819,1;1,3),12,0;?]
Computing ap for primes up to 97
q=2:	0	
p=3:	-2	
p=5:	4	
p=7:	1	
p=11:	3	
p=13:	4	
p=17:	3	
p=19:	-7	
p=23:	6	
p=29:	10	
p=31:	-8	
p=37:	-5	
p=41:	-3	
p=43:	2	
p=47:	0	
p=53:	1	
p=59:	6	
p=61:	-2	
p=67:	2	
p=71:	7	
p=73:	-16	
p=79:	0	
p=83:	-16	
p=89:	6	
p=97:	-10	
